#
# There is insufficient memory for the Java Runtime Environment to continue.
# Native memory allocation (mmap) failed to map 132120576 bytes for G1 virtual space
# Possible reasons:
#   The system is out of physical RAM or swap space
#   The process is running with CompressedOops enabled, and the Java Heap may be blocking the growth of the native heap
# Possible solutions:
#   Reduce memory load on the system
#   Increase physical memory or swap space
#   Check if swap backing store is full
#   Decrease Java heap size (-Xmx/-Xms)
#   Decrease number of Java threads
#   Decrease Java thread stack sizes (-Xss)
#   Set larger code cache with -XX:ReservedCodeCacheSize=
#   JVM is running with Unscaled Compressed Oops mode in which the Java heap is
#     placed in the first 4GB address space. The Java Heap base address is the
#     maximum limit for the native heap growth. Please use -XX:HeapBaseMinAddress
#     to set the Java Heap base and to place the Java Heap above 4GB virtual address.
# This output file may be truncated or incomplete.
#
#  Out of Memory Error (os_windows.cpp:3536), pid=13480, tid=10964
#
# JRE version:  (19.0.2+7) (build )
# Java VM: OpenJDK 64-Bit Server VM (19.0.2+7-44, mixed mode, sharing, tiered, compressed oops, compressed class ptrs, g1 gc, windows-amd64)
# No core dump will be written. Minidumps are not enabled by default on client versions of Windows
#

---------------  S U M M A R Y ------------

Command Line: -ea -Didea.test.cyclic.buffer.size=1048576 -javaagent:D:\CustomProgramFiles\IntelliJ IDEA Community Edition 2024.1.1\lib\idea_rt.jar=50955:D:\CustomProgramFiles\IntelliJ IDEA Community Edition 2024.1.1\bin -Dfile.encoding=UTF-8 -Dsun.stdout.encoding=UTF-8 -Dsun.stderr.encoding=UTF-8 com.intellij.rt.junit.JUnitStarter -ideVersion5 -junit5 com.anirudhology.leetcode.slidingwindow.BestTimeToBuyAndSellStocksTest

Host: Intel(R) Core(TM) i5-8265U CPU @ 1.60GHz, 8 cores, 7G,  Windows 11 , 64 bit Build 22621 (10.0.22621.3672)
Time: Sun Jul 21 05:07:25 2024 India Standard Time elapsed time: 0.129227 seconds (0d 0h 0m 0s)

---------------  T H R E A D  ---------------

Current thread (0x000001adee675240):  JavaThread "Unknown thread" [_thread_in_vm, id=10964, stack(0x00000099a1000000,0x00000099a1100000)]

Stack: [0x00000099a1000000,0x00000099a1100000]
Native frames: (J=compiled Java code, j=interpreted, Vv=VM code, C=native code)
V  [jvm.dll+0x6ee21a]
V  [jvm.dll+0x85765e]
V  [jvm.dll+0x85904e]
V  [jvm.dll+0x859703]
V  [jvm.dll+0x28298f]
V  [jvm.dll+0x6eb009]
V  [jvm.dll+0x6dfbaa]
V  [jvm.dll+0x3573f6]
V  [jvm.dll+0x35ee56]
V  [jvm.dll+0x3b541e]
V  [jvm.dll+0x3b564f]
V  [jvm.dll+0x32c9ea]
V  [jvm.dll+0x32d89e]
V  [jvm.dll+0x821780]
V  [jvm.dll+0x3c2661]
V  [jvm.dll+0x801f51]
V  [jvm.dll+0x44ae8f]
V  [jvm.dll+0x44c811]
C  [jli.dll+0x5287]
C  [ucrtbase.dll+0x29333]
C  [KERNEL32.DLL+0x1257d]
C  [ntdll.dll+0x5af28]


---------------  P R O C E S S  ---------------

Threads class SMR info:
_java_thread_list=0x00007ff8c61bd048, length=0, elements={
}

Java Threads: ( => current thread )

Other Threads:
  0x000001adee6d2e10 WorkerThread "GC Thread#0" [stack: 0x00000099a1100000,0x00000099a1200000] [id=10128]
  0x000001adee6e4870 ConcurrentGCThread "G1 Main Marker" [stack: 0x00000099a1200000,0x00000099a1300000] [id=18100]
  0x000001adee6e5950 WorkerThread "G1 Conc#0" [stack: 0x00000099a1300000,0x00000099a1400000] [id=9596]

[error occurred during error reporting (printing all threads), id 0xc0000005, EXCEPTION_ACCESS_VIOLATION (0xc0000005) at pc=0x00007ff8c597d427]

VM state: not at safepoint (not fully initialized)

VM Mutex/Monitor currently owned by a thread:  ([mutex/lock_event])
[0x000001adee670470] Heap_lock - owner thread: 0x000001adee675240

Heap address: 0x0000000082e00000, size: 2002 MB, Compressed Oops mode: 32-bit

CDS archive(s) mapped at: [0x0000000000000000-0x0000000000000000-0x0000000000000000), size 0, SharedBaseAddress: 0x0000000800000000, ArchiveRelocationMode: 0.
Narrow klass base: 0x0000000000000000, Narrow klass shift: 0, Narrow klass range: 0x0

GC Precious Log:
 CardTable entry size: 512
 Card Set container configuration: InlinePtr #cards 5 size 8 Array Of Cards #cards 12 size 40 Howl #buckets 4 coarsen threshold 1843 Howl Bitmap #cards 512 size 80 coarsen threshold 460 Card regions per heap region 1 cards per card region 2048

Heap:
 garbage-first heap   total 0K, used 0K [0x0000000082e00000, 0x0000000100000000)
  region size 1024K, 0 young (0K), 0 survivors (0K)

[error occurred during error reporting (printing heap information), id 0xc0000005, EXCEPTION_ACCESS_VIOLATION (0xc0000005) at pc=0x00007ff8c5d86649]

GC Heap History (0 events):
No events

Dll operation events (1 events):
Event: 0.048 Loaded shared library C:\Users\aniru\.jdks\openjdk-19.0.2\bin\java.dll

Deoptimization events (0 events):
No events

Classes loaded (0 events):
No events

Classes unloaded (0 events):
No events

Classes redefined (0 events):
No events

Internal exceptions (0 events):
No events

VM Operations (0 events):
No events

Events (0 events):
No events


Dynamic libraries:
0x00007ff6157a0000 - 0x00007ff6157ae000 	C:\Users\aniru\.jdks\openjdk-19.0.2\bin\java.exe
0x00007ff9586b0000 - 0x00007ff9588c7000 	C:\WINDOWS\SYSTEM32\ntdll.dll
0x00007ff957e00000 - 0x00007ff957ec4000 	C:\WINDOWS\System32\KERNEL32.DLL
0x00007ff9559e0000 - 0x00007ff955d8d000 	C:\WINDOWS\System32\KERNELBASE.dll
0x00007ff955e30000 - 0x00007ff955f41000 	C:\WINDOWS\System32\ucrtbase.dll
0x00007ff93d980000 - 0x00007ff93d997000 	C:\Users\aniru\.jdks\openjdk-19.0.2\bin\jli.dll
0x00007ff93db00000 - 0x00007ff93db1b000 	C:\Users\aniru\.jdks\openjdk-19.0.2\bin\VCRUNTIME140.dll
0x00007ff958320000 - 0x00007ff9584ce000 	C:\WINDOWS\System32\USER32.dll
0x00007ff9560c0000 - 0x00007ff9560e6000 	C:\WINDOWS\System32\win32u.dll
0x00007ff954c90000 - 0x00007ff954f23000 	C:\WINDOWS\WinSxS\amd64_microsoft.windows.common-controls_6595b64144ccf1df_6.0.22621.3672_none_2713b9d173822955\COMCTL32.dll
0x00007ff9576b0000 - 0x00007ff957757000 	C:\WINDOWS\System32\msvcrt.dll
0x00007ff9582e0000 - 0x00007ff958309000 	C:\WINDOWS\System32\GDI32.dll
0x00007ff9560f0000 - 0x00007ff956209000 	C:\WINDOWS\System32\gdi32full.dll
0x00007ff955d90000 - 0x00007ff955e2a000 	C:\WINDOWS\System32\msvcp_win.dll
0x00007ff9584d0000 - 0x00007ff958501000 	C:\WINDOWS\System32\IMM32.DLL
0x00007ff945aa0000 - 0x00007ff945aac000 	C:\Users\aniru\.jdks\openjdk-19.0.2\bin\vcruntime140_1.dll
0x00007ff93c170000 - 0x00007ff93c1fe000 	C:\Users\aniru\.jdks\openjdk-19.0.2\bin\msvcp140.dll
0x00007ff8c5640000 - 0x00007ff8c6300000 	C:\Users\aniru\.jdks\openjdk-19.0.2\bin\server\jvm.dll
0x00007ff958160000 - 0x00007ff958212000 	C:\WINDOWS\System32\ADVAPI32.dll
0x00007ff956800000 - 0x00007ff9568a9000 	C:\WINDOWS\System32\sechost.dll
0x00007ff956300000 - 0x00007ff956328000 	C:\WINDOWS\System32\bcrypt.dll
0x00007ff957ed0000 - 0x00007ff957fe4000 	C:\WINDOWS\System32\RPCRT4.dll
0x00007ff949c40000 - 0x00007ff949c74000 	C:\WINDOWS\SYSTEM32\WINMM.dll
0x00007ff935ab0000 - 0x00007ff935ab9000 	C:\WINDOWS\SYSTEM32\WSOCK32.dll
0x00007ff957760000 - 0x00007ff9577d1000 	C:\WINDOWS\System32\WS2_32.dll
0x00007ff953ab0000 - 0x00007ff953aba000 	C:\WINDOWS\SYSTEM32\VERSION.dll
0x00007ff953a90000 - 0x00007ff953aa8000 	C:\WINDOWS\SYSTEM32\kernel.appcore.dll
0x00007ff9439a0000 - 0x00007ff9439aa000 	C:\Users\aniru\.jdks\openjdk-19.0.2\bin\jimage.dll
0x00007ff955250000 - 0x00007ff955482000 	C:\WINDOWS\SYSTEM32\DBGHELP.DLL
0x00007ff9563f0000 - 0x00007ff956778000 	C:\WINDOWS\System32\combase.dll
0x00007ff957950000 - 0x00007ff957a27000 	C:\WINDOWS\System32\OLEAUT32.dll
0x00007ff955130000 - 0x00007ff955162000 	C:\WINDOWS\SYSTEM32\dbgcore.DLL
0x00007ff956210000 - 0x00007ff95628b000 	C:\WINDOWS\System32\bcryptPrimitives.dll
0x00007ff93daf0000 - 0x00007ff93dafe000 	C:\Users\aniru\.jdks\openjdk-19.0.2\bin\instrument.dll
0x00007ff93bf00000 - 0x00007ff93bf26000 	C:\Users\aniru\.jdks\openjdk-19.0.2\bin\java.dll

dbghelp: loaded successfully - version: 4.0.5 - missing functions: none
symbol engine: initialized successfully - sym options: 0x614 - pdb path: .;C:\Users\aniru\.jdks\openjdk-19.0.2\bin;C:\WINDOWS\SYSTEM32;C:\WINDOWS\WinSxS\amd64_microsoft.windows.common-controls_6595b64144ccf1df_6.0.22621.3672_none_2713b9d173822955;C:\Users\aniru\.jdks\openjdk-19.0.2\bin\server

VM Arguments:
jvm_args: -ea -Didea.test.cyclic.buffer.size=1048576 -javaagent:D:\CustomProgramFiles\IntelliJ IDEA Community Edition 2024.1.1\lib\idea_rt.jar=50955:D:\CustomProgramFiles\IntelliJ IDEA Community Edition 2024.1.1\bin -Dfile.encoding=UTF-8 -Dsun.stdout.encoding=UTF-8 -Dsun.stderr.encoding=UTF-8 
java_command: com.intellij.rt.junit.JUnitStarter -ideVersion5 -junit5 com.anirudhology.leetcode.slidingwindow.BestTimeToBuyAndSellStocksTest
java_class_path (initial): C:\Users\aniru\.m2\repository\org\junit\platform\junit-platform-launcher\1.11.0-M2\junit-platform-launcher-1.11.0-M2.jar;C:\Users\aniru\.m2\repository\org\junit\platform\junit-platform-engine\1.11.0-M2\junit-platform-engine-1.11.0-M2.jar;C:\Users\aniru\.m2\repository\org\junit\jupiter\junit-jupiter-engine\5.11.0-M2\junit-jupiter-engine-5.11.0-M2.jar;D:\CustomProgramFiles\IntelliJ IDEA Community Edition 2024.1.1\lib\idea_rt.jar;D:\CustomProgramFiles\IntelliJ IDEA Community Edition 2024.1.1\plugins\junit\lib\junit5-rt.jar;D:\CustomProgramFiles\IntelliJ IDEA Community Edition 2024.1.1\plugins\junit\lib\junit-rt.jar;D:\Anirudhology\Projects\LeetCode\leetcode-java\target\test-classes;D:\Anirudhology\Projects\LeetCode\leetcode-java\target\classes;C:\Users\aniru\.m2\repository\org\junit\jupiter\junit-jupiter-api\5.11.0-M2\junit-jupiter-api-5.11.0-M2.jar;C:\Users\aniru\.m2\repository\org\opentest4j\opentest4j\1.3.0\opentest4j-1.3.0.jar;C:\Users\aniru\.m2\repository\org\junit\platform\junit-platform-commons\1.11.0-M2\junit-platform-commons-1.11.0-M2.jar;C:\Users\aniru\.m2\repository\org\apiguardian\apiguardian-api\1.1.2\apiguardian-api-1.1.2.jar
Launcher Type: SUN_STANDARD

[Global flags]
     intx CICompilerCount                          = 4                                         {product} {ergonomic}
     uint ConcGCThreads                            = 2                                         {product} {ergonomic}
     uint G1ConcRefinementThreads                  = 8                                         {product} {ergonomic}
   size_t G1HeapRegionSize                         = 1048576                                   {product} {ergonomic}
    uintx GCDrainStackTargetSize                   = 64                                        {product} {ergonomic}
   size_t InitialHeapSize                          = 132120576                                 {product} {ergonomic}
   size_t MarkStackSize                            = 4194304                                   {product} {ergonomic}
   size_t MaxHeapSize                              = 2099249152                                {product} {ergonomic}
   size_t MinHeapDeltaBytes                        = 1048576                                   {product} {ergonomic}
   size_t MinHeapSize                              = 8388608                                   {product} {ergonomic}
    uintx NonNMethodCodeHeapSize                   = 5839372                                {pd product} {ergonomic}
    uintx NonProfiledCodeHeapSize                  = 122909434                              {pd product} {ergonomic}
    uintx ProfiledCodeHeapSize                     = 122909434                              {pd product} {ergonomic}
    uintx ReservedCodeCacheSize                    = 251658240                              {pd product} {ergonomic}
     bool SegmentedCodeCache                       = true                                      {product} {ergonomic}
   size_t SoftMaxHeapSize                          = 2099249152                             {manageable} {ergonomic}
     bool UseCompressedClassPointers               = true                           {product lp64_product} {ergonomic}
     bool UseCompressedOops                        = true                           {product lp64_product} {ergonomic}
     bool UseG1GC                                  = true                                      {product} {ergonomic}
     bool UseLargePagesIndividualAllocation        = false                                  {pd product} {ergonomic}

Logging:
Log output configuration:
 #0: stdout all=warning uptime,level,tags foldmultilines=false
 #1: stderr all=off uptime,level,tags foldmultilines=false

Environment Variables:
JAVA_HOME=D:\CustomProgramFiles\MoreJava
PATH=D:\CustomProgramFiles\Python3123\Scripts\;D:\CustomProgramFiles\Python3123\;C:\Python310\Scripts\;C:\Python310\;C:\Python38\Scripts\;C:\Python38\;C:\WINDOWS\system32;C:\WINDOWS;C:\WINDOWS\System32\Wbem;C:\WINDOWS\System32\WindowsPowerShell\v1.0\;C:\WINDOWS\System32\OpenSSH\;D:\Program Files\Git\cmd;C:\ProgramData\chocolatey\bin;%M2_HOME%;D:\CustomProgramFiles\Git\cmd;D:\CustomProgramFiles\Node20\;D:\CustomProgramFiles\PS7\7\;D:\CustomProgramFiles\Go\1.22.5\bin;C:\Users\aniru\.windows-build-tools\python27\;C:\Users\aniru\AppData\Roaming\npm\node_modules\windows-build-tools\node_modules\.bin;C:\Users\aniru\AppData\Roaming\npm\node_modules\node_modules\.bin;C:\Users\aniru\AppData\Roaming\npm\node_modules\.bin;C:\Users\aniru\AppData\Roaming\node_modules\.bin;C:\Users\aniru\AppData\node_modules\.bin;C:\Users\aniru\node_modules\.bin;C:\Users\node_modules\.bin;C:\node_modules\.bin;C:\Users\aniru\AppData\Roaming\npm\node_modules\npm\node_modules\@npmcli\run-script\lib\node-gyp-bin;C:\Python310\Scripts\;C:\Python310\;C:\Program Files (x86)\Common Files\Oracle\Java\javapath;C:\Python38\Scripts\;C:\Python38\;C:\WINDOWS\system32;C:\WINDOWS;C:\WINDOWS\System32\Wbem;C:\WINDOWS\System32\WindowsPowerShell\v1.0\;C:\WINDOWS\System32\OpenSSH\;D:\Program Files\Git\cmd;C:\ProgramData\chocolatey\bin;D:\Apps\apache-maven-3.8.6\bin;D:\CustomProgramFiles\Git\cmd;D:\Apps\;C:\Program Files\nodejs\;C:\Users\aniru\AppData\Local\Microsoft\WindowsApps;D:\CustomProgramFiles\Git\bin;D:\CustomProgramFiles\7-Zip;D:\CustomProgramFiles\Microsoft VS Code\bin;C:\Program Files\Java\jdk1.8.0_241\bin;C:\Program Files\MongoDB\Server\4.2\bin;C:\Users\aniru\AppData\Local\hyper\app-3.0.2\resources\bin;D:\Apps\mongosh-1.1.0-win32-x64\bin;C:\Users\aniru\AppData\Local\Microsoft\WindowsApps;;D:\CustomProgramFiles\MoreJava\bin;D:\CustomProgramFiles\PyCharm Community Edition 2023.2.3\bin;;D:\CustomProgramFiles\IntelliJ IDEA Community Edition 2024.1\bin;;C:\Users\aniru\AppData\Local\Microsoft\WinGet\Packages\Schniz.fnm_Microsoft.Winget.Source_8wekyb3d8bbwe;C:\Users\aniru\AppData\Roaming\npm;C:\Users\aniru\go\bin
USERNAME=aniru
OS=Windows_NT
PROCESSOR_IDENTIFIER=Intel64 Family 6 Model 142 Stepping 12, GenuineIntel
TMP=C:\Users\aniru\AppData\Local\Temp
TEMP=C:\Users\aniru\AppData\Local\Temp



---------------  S Y S T E M  ---------------

OS:
 Windows 11 , 64 bit Build 22621 (10.0.22621.3672)
OS uptime: 3 days 7:13 hours
Hyper-V role detected

CPU: total 8 (initial active 8) (4 cores per cpu, 2 threads per core) family 6 model 142 stepping 12 microcode 0xde, cx8, cmov, fxsr, ht, mmx, 3dnowpref, sse, sse2, sse3, ssse3, sse4.1, sse4.2, popcnt, lzcnt, tsc, tscinvbit, avx, avx2, aes, erms, clmul, bmi1, bmi2, adx, fma, vzeroupper, clflush, clflushopt, hv, rdtscp

Memory: 4k page, system-wide physical 8006M (257M free)
TotalPageFile size 23109M (AvailPageFile size 140M)
current process WorkingSet (physical memory assigned to process): 11M, peak: 11M
current process commit charge ("private bytes"): 60M, peak: 186M

vm_info: OpenJDK 64-Bit Server VM (19.0.2+7-44) for windows-amd64 JRE (19.0.2+7-44), built on 2022-11-30T18:02:09Z by "mach5one" with MS VC++ 17.1 (VS2022)

END.
